<?xml version="1.0" encoding="UTF-8"?>
<testng-results skipped="0" failed="0" total="1" passed="1">
  <reporter-output>
  </reporter-output>
  <suite name="Default suite" duration-ms="96669" started-at="2019-06-25T04:07:21Z" finished-at="2019-06-25T04:08:58Z">
    <groups>
    </groups>
    <test name="Default test" duration-ms="96669" started-at="2019-06-25T04:07:21Z" finished-at="2019-06-25T04:08:58Z">
      <class name="Tests.navegador">
        <test-method status="PASS" signature="beforeTest()[pri:0, instance:Tests.navegador@1f28c152]" name="beforeTest" is-config="true" duration-ms="76719" started-at="2019-06-24T23:07:21Z" finished-at="2019-06-24T23:08:38Z">
          <reporter-output>
          </reporter-output>
        </test-method> <!-- beforeTest -->
        <test-method status="PASS" signature="iniciandoSencionConUsuarioIncorrecto()[pri:0, instance:Tests.navegador@1f28c152]" name="iniciandoSencionConUsuarioIncorrecto" duration-ms="15940" started-at="2019-06-24T23:08:38Z" finished-at="2019-06-24T23:08:54Z">
          <reporter-output>
          </reporter-output>
        </test-method> <!-- iniciandoSencionConUsuarioIncorrecto -->
        <test-method status="PASS" signature="afterTest()[pri:0, instance:Tests.navegador@1f28c152]" name="afterTest" is-config="true" duration-ms="3837" started-at="2019-06-24T23:08:54Z" finished-at="2019-06-24T23:08:58Z">
          <reporter-output>
          </reporter-output>
        </test-method> <!-- afterTest -->
      </class> <!-- Tests.navegador -->
    </test> <!-- Default test -->
  </suite> <!-- Default suite -->
</testng-results>
