<?xml version="1.0" encoding="UTF-8"?>
<testng-results skipped="0" failed="0" total="1" passed="1">
  <reporter-output>
  </reporter-output>
  <suite name="Default suite" duration-ms="245480" started-at="2019-06-24T01:40:19Z" finished-at="2019-06-24T01:44:24Z">
    <groups>
    </groups>
    <test name="Default test" duration-ms="245480" started-at="2019-06-24T01:40:19Z" finished-at="2019-06-24T01:44:24Z">
      <class name="Tests.navegador">
        <test-method status="PASS" signature="beforeTest()[pri:0, instance:Tests.navegador@1f28c152]" name="beforeTest" is-config="true" duration-ms="151664" started-at="2019-06-23T20:40:19Z" finished-at="2019-06-23T20:42:51Z">
          <reporter-output>
          </reporter-output>
        </test-method> <!-- beforeTest -->
        <test-method status="PASS" signature="registrandoUsuarios()[pri:0, instance:Tests.navegador@1f28c152]" name="registrandoUsuarios" duration-ms="77594" started-at="2019-06-23T20:42:51Z" finished-at="2019-06-23T20:44:08Z">
          <reporter-output>
          </reporter-output>
        </test-method> <!-- registrandoUsuarios -->
        <test-method status="PASS" signature="afterTest()[pri:0, instance:Tests.navegador@1f28c152]" name="afterTest" is-config="true" duration-ms="16034" started-at="2019-06-23T20:44:08Z" finished-at="2019-06-23T20:44:24Z">
          <reporter-output>
          </reporter-output>
        </test-method> <!-- afterTest -->
      </class> <!-- Tests.navegador -->
    </test> <!-- Default test -->
  </suite> <!-- Default suite -->
</testng-results>
